<?xml version="1.0" encoding="UTF-8"?>
<testng-results skipped="0" failed="0" total="1" passed="1">
  <reporter-output>
  </reporter-output>
  <suite name="Suite" duration-ms="50630" started-at="2020-11-22T14:22:53Z" finished-at="2020-11-22T14:23:44Z">
    <groups>
    </groups>
    <test name="Test" duration-ms="50630" started-at="2020-11-22T14:22:53Z" finished-at="2020-11-22T14:23:44Z">
      <class name="com.scripts.DemoWorkShop.DemoWorkShopFunction">
        <test-method status="PASS" signature="initialization()[pri:0, instance:com.scripts.DemoWorkShop.DemoWorkShopFunction@1d057a39]" name="initialization" is-config="true" duration-ms="15616" started-at="2020-11-22T19:52:53Z" finished-at="2020-11-22T19:53:09Z">
          <reporter-output>
          </reporter-output>
        </test-method> <!-- initialization -->
        <test-method status="PASS" signature="endToEndScenario()[pri:0, instance:com.scripts.DemoWorkShop.DemoWorkShopFunction@1d057a39]" name="endToEndScenario" duration-ms="34803" started-at="2020-11-22T19:53:09Z" finished-at="2020-11-22T19:53:44Z">
          <reporter-output>
          </reporter-output>
        </test-method> <!-- endToEndScenario -->
      </class> <!-- com.scripts.DemoWorkShop.DemoWorkShopFunction -->
    </test> <!-- Test -->
  </suite> <!-- Suite -->
</testng-results>
